This is pdfTeX, Version 3.141592653-2.6-1.40.25 (TeX Live 2023/Debian) (preloaded format=pdflatex 2024.8.7)  29 SEP 2024 16:37
entering extended mode
 \write18 enabled.
 %&-line parsing enabled.
**main.tex
(./main.tex
LaTeX2e <2023-06-01>
L3 programming layer <2023-06-05>
(/usr/share/texlive/texmf-dist/tex/latex/base/article.cls
Document Class: article 2023/05/17 v1.4n Standard LaTeX document class
(/usr/share/texlive/texmf-dist/tex/latex/base/size10.clo
File: size10.clo 2023/05/17 v1.4n Standard LaTeX file (size option)
)
\c@part=\count185
\c@section=\count186
\c@subsection=\count187
\c@subsubsection=\count188
\c@paragraph=\count189
\c@subparagraph=\count190
\c@figure=\count191
\c@table=\count192
\abovecaptionskip=\skip48
\belowcaptionskip=\skip49
\bibindent=\dimen140
)
(/usr/share/texlive/texmf-dist/tex/latex/calrsfs/calrsfs.sty
\symrsfscript=\mathgroup4
)
(/usr/share/texlive/texmf-dist/tex/latex/amsfonts/amssymb.sty
Package: amssymb 2013/01/14 v3.01 AMS font symbols

(/usr/share/texlive/texmf-dist/tex/latex/amsfonts/amsfonts.sty
Package: amsfonts 2013/01/14 v3.01 Basic AMSFonts support
\@emptytoks=\toks17
\symAMSa=\mathgroup5
\symAMSb=\mathgroup6
LaTeX Font Info:    Redeclaring math symbol \hbar on input line 98.
LaTeX Font Info:    Overwriting math alphabet `\mathfrak' in version `bold'
(Font)                  U/euf/m/n --> U/euf/b/n on input line 106.
))
(/usr/share/texlive/texmf-dist/tex/latex/tools/bm.sty
Package: bm 2022/01/05 v1.2f Bold Symbol Support (DPC/FMi)
\symboldoperators=\mathgroup7
\symboldletters=\mathgroup8
\symboldsymbols=\mathgroup9
Package bm Info: No bold for \OMX/cmex/m/n, using \pmb.
Package bm Info: No bold for \OMS/rsfs/m/n, using \pmb.
Package bm Info: No bold for \U/msa/m/n, using \pmb.
Package bm Info: No bold for \U/msb/m/n, using \pmb.
LaTeX Font Info:    Redeclaring math alphabet \mathbf on input line 149.
)
(/usr/share/texlive/texmf-dist/tex/latex/amsmath/amsmath.sty
Package: amsmath 2023/05/13 v2.17o AMS math features
\@mathmargin=\skip50

For additional information on amsmath, use the `?' option.
(/usr/share/texlive/texmf-dist/tex/latex/amsmath/amstext.sty
Package: amstext 2021/08/26 v2.01 AMS text

(/usr/share/texlive/texmf-dist/tex/latex/amsmath/amsgen.sty
File: amsgen.sty 1999/11/30 v2.0 generic functions
\@emptytoks=\toks18
\ex@=\dimen141
))
(/usr/share/texlive/texmf-dist/tex/latex/amsmath/amsbsy.sty
Package: amsbsy 1999/11/29 v1.2d Bold Symbols
LaTeX Info: Redefining \boldsymbol on input line 28.
\pmbraise@=\dimen142
)
(/usr/share/texlive/texmf-dist/tex/latex/amsmath/amsopn.sty
Package: amsopn 2022/04/08 v2.04 operator names
)
\inf@bad=\count193
LaTeX Info: Redefining \frac on input line 234.
\uproot@=\count194
\leftroot@=\count195
LaTeX Info: Redefining \overline on input line 399.
LaTeX Info: Redefining \colon on input line 410.
\classnum@=\count196
\DOTSCASE@=\count197
LaTeX Info: Redefining \ldots on input line 496.
LaTeX Info: Redefining \dots on input line 499.
LaTeX Info: Redefining \cdots on input line 620.
\Mathstrutbox@=\box51
\strutbox@=\box52
LaTeX Info: Redefining \big on input line 722.
LaTeX Info: Redefining \Big on input line 723.
LaTeX Info: Redefining \bigg on input line 724.
LaTeX Info: Redefining \Bigg on input line 725.
\big@size=\dimen143
LaTeX Font Info:    Redeclaring font encoding OML on input line 743.
LaTeX Font Info:    Redeclaring font encoding OMS on input line 744.
\macc@depth=\count198
LaTeX Info: Redefining \bmod on input line 905.
LaTeX Info: Redefining \pmod on input line 910.
LaTeX Info: Redefining \smash on input line 940.
LaTeX Info: Redefining \relbar on input line 970.
LaTeX Info: Redefining \Relbar on input line 971.
\c@MaxMatrixCols=\count199
\dotsspace@=\muskip16
\c@parentequation=\count266
\dspbrk@lvl=\count267
\tag@help=\toks19
\row@=\count268
\column@=\count269
\maxfields@=\count270
\andhelp@=\toks20
\eqnshift@=\dimen144
\alignsep@=\dimen145
\tagshift@=\dimen146
\tagwidth@=\dimen147
\totwidth@=\dimen148
\lineht@=\dimen149
\@envbody=\toks21
\multlinegap=\skip51
\multlinetaggap=\skip52
\mathdisplay@stack=\toks22
LaTeX Info: Redefining \[ on input line 2953.
LaTeX Info: Redefining \] on input line 2954.
)
(/usr/share/texlive/texmf-dist/tex/latex/wrapfig/wrapfig.sty
\wrapoverhang=\dimen150
\WF@size=\dimen151
\c@WF@wrappedlines=\count271
\WF@box=\box53
\WF@everypar=\toks23
Package: wrapfig 2003/01/31  v 3.6
)
(/usr/share/texlive/texmf-dist/tex/latex/subfig/subfig.sty
Package: subfig 2005/06/28 ver: 1.3 subfig package

(/usr/share/texlive/texmf-dist/tex/latex/graphics/keyval.sty
Package: keyval 2022/05/29 v1.15 key=value parser (DPC)
\KV@toks@=\toks24
)
(/usr/share/texlive/texmf-dist/tex/latex/caption/caption.sty
Package: caption 2023/03/12 v3.6j Customizing captions (AR)

(/usr/share/texlive/texmf-dist/tex/latex/caption/caption3.sty
Package: caption3 2023/03/12 v2.4 caption3 kernel (AR)
\caption@tempdima=\dimen152
\captionmargin=\dimen153
\caption@leftmargin=\dimen154
\caption@rightmargin=\dimen155
\caption@width=\dimen156
\caption@indent=\dimen157
\caption@parindent=\dimen158
\caption@hangindent=\dimen159
Package caption Info: Standard document class detected.
)
\c@caption@flags=\count272
\c@continuedfloat=\count273
Package caption Info: wrapfig package is loaded.
)
\c@KVtest=\count274
\sf@farskip=\skip53
\sf@captopadj=\dimen160
\sf@capskip=\skip54
\sf@nearskip=\skip55
\c@subfigure=\count275
\c@subfigure@save=\count276
\c@lofdepth=\count277
\c@subtable=\count278
\c@subtable@save=\count279
\c@lotdepth=\count280
\sf@top=\skip56
\sf@bottom=\skip57
)
(/usr/share/texlive/texmf-dist/tex/latex/glossaries/base/glossaries.sty
Package: glossaries 2022/11/03 v4.52 (NLCT)

(/usr/share/texlive/texmf-dist/tex/latex/base/ifthen.sty
Package: ifthen 2022/04/13 v1.1d Standard LaTeX ifthen package (DPC)
)
(/usr/share/texlive/texmf-dist/tex/latex/xkeyval/xkeyval.sty
Package: xkeyval 2022/06/16 v2.9 package option processing (HA)

(/usr/share/texlive/texmf-dist/tex/generic/xkeyval/xkeyval.tex
(/usr/share/texlive/texmf-dist/tex/generic/xkeyval/xkvutils.tex
\XKV@toks=\toks25
\XKV@tempa@toks=\toks26
)
\XKV@depth=\count281
File: xkeyval.tex 2014/12/03 v2.7a key=value parser (HA)
))
(/usr/share/texlive/texmf-dist/tex/latex/mfirstuc/mfirstuc.sty
Package: mfirstuc 2022/10/14 v2.08 (NLCT)

(/usr/share/texlive/texmf-dist/tex/latex/etoolbox/etoolbox.sty
Package: etoolbox 2020/10/05 v2.5k e-TeX tools for LaTeX (JAW)
\etb@tempcnta=\count282
)
\@glsmfirst=\toks27
\@glsmrest=\toks28
)
(/usr/share/texlive/texmf-dist/tex/latex/xfor/xfor.sty
Package: xfor 2009/02/05 v1.05 (NLCT)
)
(/usr/share/texlive/texmf-dist/tex/latex/datatool/datatool-base.sty
Package: datatool-base 2019/09/27 v2.32 (NLCT)

(/usr/share/texlive/texmf-dist/tex/latex/substr/substr.sty
Package: substr 2009/10/20 v1.2 Handle substrings
\c@su@anzahl=\count283
)
(/usr/share/texlive/texmf-dist/tex/latex/datatool/datatool-fp.sty
Package: datatool-fp 2019/09/27 v2.32 (NLCT)

(/usr/share/texlive/texmf-dist/tex/latex/fp/fp.sty
Package: fp 1995/04/02

`Fixed Point Package', Version 0.8, April 2, 1995 (C) Michael Mehlich
(/usr/share/texlive/texmf-dist/tex/latex/fp/defpattern.sty
Package: defpattern 1994/10/12
\actioncount=\count284
)
(/usr/share/texlive/texmf-dist/tex/latex/fp/fp-basic.sty
Package: fp-basic 1996/05/13
\FP@xs=\count285
\FP@xia=\count286
\FP@xib=\count287
\FP@xfa=\count288
\FP@xfb=\count289
\FP@rega=\count290
\FP@regb=\count291
\FP@regs=\count292
\FP@times=\count293
)
(/usr/share/texlive/texmf-dist/tex/latex/fp/fp-addons.sty
Package: fp-addons 1995/03/15
)
(/usr/share/texlive/texmf-dist/tex/latex/fp/fp-snap.sty
Package: fp-snap 1995/04/05
)
(/usr/share/texlive/texmf-dist/tex/latex/fp/fp-exp.sty
Package: fp-exp 1995/04/03
)
(/usr/share/texlive/texmf-dist/tex/latex/fp/fp-trigo.sty
Package: fp-trigo 1995/04/14
)
(/usr/share/texlive/texmf-dist/tex/latex/fp/fp-pas.sty
Package: fp-pas 1994/08/29
)
(/usr/share/texlive/texmf-dist/tex/latex/fp/fp-random.sty
Package: fp-random 1995/02/23
\FPseed=\count294
)
(/usr/share/texlive/texmf-dist/tex/latex/fp/fp-eqn.sty
Package: fp-eqn 1995/04/03
)
(/usr/share/texlive/texmf-dist/tex/latex/fp/fp-upn.sty
Package: fp-upn 1996/10/21
)
(/usr/share/texlive/texmf-dist/tex/latex/fp/fp-eval.sty
Package: fp-eval 1995/04/03
)))
\@dtl@toks=\toks29
\@dtl@tmpcount=\count295
\dtl@tmplength=\skip58
\dtl@sortresult=\count296
\@dtl@numgrpsepcount=\count297
\@dtl@datatype=\count298
\dtl@codeA=\count299
\dtl@codeB=\count300
\@dtl@foreach@level=\count301
)
\gls@level=\count302
\@gls@tmpb=\toks30
\gls@tmplen=\skip59
\glskeylisttok=\toks31
\glslabeltok=\toks32
\glsshorttok=\toks33
\glslongtok=\toks34

(/usr/share/texlive/texmf-dist/tex/latex/glossaries/styles/glossary-hypernav.st
y
Package: glossary-hypernav 2022/11/03 v4.52 (NLCT)
) (/usr/share/texlive/texmf-dist/tex/latex/glossaries/styles/glossary-list.sty
Package: glossary-list 2022/11/03 v4.52 (NLCT)
\glslistdottedwidth=\skip60
) (/usr/share/texlive/texmf-dist/tex/latex/glossaries/styles/glossary-long.sty
Package: glossary-long 2022/11/03 v4.52 (NLCT)

(/usr/share/texlive/texmf-dist/tex/latex/tools/longtable.sty
Package: longtable 2021-09-01 v4.17 Multi-page Table package (DPC)
\LTleft=\skip61
\LTright=\skip62
\LTpre=\skip63
\LTpost=\skip64
\LTchunksize=\count303
\LTcapwidth=\dimen161
\LT@head=\box54
\LT@firsthead=\box55
\LT@foot=\box56
\LT@lastfoot=\box57
\LT@gbox=\box58
\LT@cols=\count304
\LT@rows=\count305
\c@LT@tables=\count306
\c@LT@chunks=\count307
\LT@p@ftn=\toks35
)
\glsdescwidth=\skip65
\glspagelistwidth=\skip66
)
(/usr/share/texlive/texmf-dist/tex/latex/glossaries/styles/glossary-super.sty
Package: glossary-super 2022/11/03 v4.52 (NLCT)

(/usr/share/texlive/texmf-dist/tex/latex/supertabular/supertabular.sty
Package: supertabular 2020/02/02 v4.1g the supertabular environment
\c@tracingst=\count308
\ST@wd=\dimen162
\ST@rightskip=\skip67
\ST@leftskip=\skip68
\ST@parfillskip=\skip69
\ST@pageleft=\dimen163
\ST@headht=\dimen164
\ST@tailht=\dimen165
\ST@pagesofar=\dimen166
\ST@pboxht=\dimen167
\ST@lineht=\dimen168
\ST@prevht=\dimen169
\ST@toadd=\dimen170
\ST@dimen=\dimen171
\ST@pbox=\box59
))
(/usr/share/texlive/texmf-dist/tex/latex/glossaries/styles/glossary-tree.sty
Package: glossary-tree 2022/11/03 v4.52 (NLCT)
\glstreeindent=\skip70
))
LaTeX Font Info:    Redeclaring math alphabet \mathcal on input line 10.
LaTeX Font Info:    Overwriting math alphabet `\mathcal' in version `bold'
(Font)                  OMS/cmsy/m/n --> OMS/cmsy/b/n on input line 11.

(/usr/share/texlive/texmf-dist/tex/latex/svg/svg.sty
Package: svg 2020/11/26 v2.02k (include SVG pictures)

(/usr/share/texlive/texmf-dist/tex/generic/iftex/iftex.sty
Package: iftex 2022/02/03 v1.0f TeX engine tests
)
(/usr/share/texlive/texmf-dist/tex/latex/koma-script/scrbase.sty
Package: scrbase 2023/04/24 v3.40 KOMA-Script package (KOMA-Script-independent 
basics and keyval usage)

(/usr/share/texlive/texmf-dist/tex/latex/koma-script/scrlfile.sty
Package: scrlfile 2023/04/24 v3.40 KOMA-Script package (file load hooks)

(/usr/share/texlive/texmf-dist/tex/latex/koma-script/scrlfile-hook.sty
Package: scrlfile-hook 2023/04/24 v3.40 KOMA-Script package (using LaTeX hooks)


(/usr/share/texlive/texmf-dist/tex/latex/koma-script/scrlogo.sty
Package: scrlogo 2023/04/24 v3.40 KOMA-Script package (logo)
)))
Applying: [2021/05/01] Usage of raw or classic option list on input line 252.
Already applied: [0000/00/00] Usage of raw or classic option list on input line
 368.
)
(/usr/share/texlive/texmf-dist/tex/generic/pdftexcmds/pdftexcmds.sty
Package: pdftexcmds 2020-06-27 v0.33 Utility functions of pdfTeX for LuaTeX (HO
)

(/usr/share/texlive/texmf-dist/tex/generic/infwarerr/infwarerr.sty
Package: infwarerr 2019/12/03 v1.5 Providing info/warning/error messages (HO)
)
(/usr/share/texlive/texmf-dist/tex/generic/ltxcmds/ltxcmds.sty
Package: ltxcmds 2020-05-10 v1.25 LaTeX kernel commands for general use (HO)
)
Package pdftexcmds Info: \pdf@primitive is available.
Package pdftexcmds Info: \pdf@ifprimitive is available.
Package pdftexcmds Info: \pdfdraftmode found.
)
(/usr/share/texlive/texmf-dist/tex/latex/trimspaces/trimspaces.sty
Package: trimspaces 2009/09/17 v1.1 Trim spaces around a token list
)
(/usr/share/texlive/texmf-dist/tex/latex/graphics/graphicx.sty
Package: graphicx 2021/09/16 v1.2d Enhanced LaTeX Graphics (DPC,SPQR)

(/usr/share/texlive/texmf-dist/tex/latex/graphics/graphics.sty
Package: graphics 2022/03/10 v1.4e Standard LaTeX Graphics (DPC,SPQR)

(/usr/share/texlive/texmf-dist/tex/latex/graphics/trig.sty
Package: trig 2021/08/11 v1.11 sin cos tan (DPC)
)
(/usr/share/texlive/texmf-dist/tex/latex/graphics-cfg/graphics.cfg
File: graphics.cfg 2016/06/04 v1.11 sample graphics configuration
)
Package graphics Info: Driver file: pdftex.def on input line 107.

(/usr/share/texlive/texmf-dist/tex/latex/graphics-def/pdftex.def
File: pdftex.def 2022/09/22 v1.2b Graphics/color driver for pdftex
))
\Gin@req@height=\dimen172
\Gin@req@width=\dimen173
)
(/usr/share/texlive/texmf-dist/tex/latex/tools/shellesc.sty
Package: shellesc 2023/04/15 v1.0d unified shell escape interface for LaTeX
Package shellesc Info: Unrestricted shell escape enabled on input line 75.
)
(/usr/share/texlive/texmf-dist/tex/latex/ifplatform/ifplatform.sty
Package: ifplatform 2017/10/13 v0.4a Testing for the operating system

(/usr/share/texlive/texmf-dist/tex/generic/catchfile/catchfile.sty
Package: catchfile 2019/12/09 v1.8 Catch the contents of a file (HO)

(/usr/share/texlive/texmf-dist/tex/generic/etexcmds/etexcmds.sty
Package: etexcmds 2019/12/15 v1.7 Avoid name clashes with e-TeX commands (HO)
))
(/usr/share/texlive/texmf-dist/tex/generic/iftex/ifluatex.sty
Package: ifluatex 2019/10/25 v1.5 ifluatex legacy package. Use iftex instead.
)
runsystem(uname -s > "main.w18")...executed.

 (./main.w18)
runsystem(rm -- "main.w18")...executed.

)
\c@svg@param@lastpage=\count309
\svg@box=\box60
\c@svg@param@currpage=\count310
)
(/usr/share/texlive/texmf-dist/tex/latex/xcolor/xcolor.sty
Package: xcolor 2022/06/12 v2.14 LaTeX color extensions (UK)

(/usr/share/texlive/texmf-dist/tex/latex/graphics-cfg/color.cfg
File: color.cfg 2016/01/02 v1.6 sample color configuration
)
Package xcolor Info: Driver file: pdftex.def on input line 227.

(/usr/share/texlive/texmf-dist/tex/latex/graphics/mathcolor.ltx)
Package xcolor Info: Model `cmy' substituted by `cmy0' on input line 1353.
Package xcolor Info: Model `hsb' substituted by `rgb' on input line 1357.
Package xcolor Info: Model `RGB' extended on input line 1369.
Package xcolor Info: Model `HTML' substituted by `rgb' on input line 1371.
Package xcolor Info: Model `Hsb' substituted by `hsb' on input line 1372.
Package xcolor Info: Model `tHsb' substituted by `hsb' on input line 1373.
Package xcolor Info: Model `HSB' substituted by `hsb' on input line 1374.
Package xcolor Info: Model `Gray' substituted by `gray' on input line 1375.
Package xcolor Info: Model `wave' substituted by `hsb' on input line 1376.
)
(/usr/share/texlive/texmf-dist/tex/latex/transparent/transparent.sty
Package: transparent 2022-10-27 v1.5 Transparency with color stacks

(/usr/share/texlive/texmf-dist/tex/latex/transparent/transparent-nometadata.sty
Package: transparent-nometadata 2022-10-27 v1.5 Transparency via pdfTeX's color
 stack (HO)
(/usr/share/texlive/texmf-dist/tex/latex/auxhook/auxhook.sty
Package: auxhook 2019-12-17 v1.6 Hooks for auxiliary files (HO)
)))
(/usr/share/texlive/texmf-dist/tex/latex/pgf/systemlayer/pgfsys.sty
(/usr/share/texlive/texmf-dist/tex/latex/pgf/utilities/pgfrcs.sty
(/usr/share/texlive/texmf-dist/tex/generic/pgf/utilities/pgfutil-common.tex
\pgfutil@everybye=\toks36
\pgfutil@tempdima=\dimen174
\pgfutil@tempdimb=\dimen175
)
(/usr/share/texlive/texmf-dist/tex/generic/pgf/utilities/pgfutil-latex.def
\pgfutil@abb=\box61
)
(/usr/share/texlive/texmf-dist/tex/generic/pgf/utilities/pgfrcs.code.tex
(/usr/share/texlive/texmf-dist/tex/generic/pgf/pgf.revision.tex)
Package: pgfrcs 2023-01-15 v3.1.10 (3.1.10)
))
(/usr/share/texlive/texmf-dist/tex/generic/pgf/systemlayer/pgfsys.code.tex
Package: pgfsys 2023-01-15 v3.1.10 (3.1.10)

(/usr/share/texlive/texmf-dist/tex/generic/pgf/utilities/pgfkeys.code.tex
\pgfkeys@pathtoks=\toks37
\pgfkeys@temptoks=\toks38

(/usr/share/texlive/texmf-dist/tex/generic/pgf/utilities/pgfkeyslibraryfiltered
.code.tex
\pgfkeys@tmptoks=\toks39
))
\pgf@x=\dimen176
\pgf@y=\dimen177
\pgf@xa=\dimen178
\pgf@ya=\dimen179
\pgf@xb=\dimen180
\pgf@yb=\dimen181
\pgf@xc=\dimen182
\pgf@yc=\dimen183
\pgf@xd=\dimen184
\pgf@yd=\dimen185
\w@pgf@writea=\write3
\r@pgf@reada=\read2
\c@pgf@counta=\count311
\c@pgf@countb=\count312
\c@pgf@countc=\count313
\c@pgf@countd=\count314
\t@pgf@toka=\toks40
\t@pgf@tokb=\toks41
\t@pgf@tokc=\toks42
\pgf@sys@id@count=\count315
 (/usr/share/texlive/texmf-dist/tex/generic/pgf/systemlayer/pgf.cfg
File: pgf.cfg 2023-01-15 v3.1.10 (3.1.10)
)
Driver file for pgf: pgfsys-pdftex.def
(/usr/share/texlive/texmf-dist/tex/generic/pgf/systemlayer/pgfsys-pdftex.def
File: pgfsys-pdftex.def 2023-01-15 v3.1.10 (3.1.10)

(/usr/share/texlive/texmf-dist/tex/generic/pgf/systemlayer/pgfsys-common-pdf.de
f
File: pgfsys-common-pdf.def 2023-01-15 v3.1.10 (3.1.10)
)))
(/usr/share/texlive/texmf-dist/tex/generic/pgf/systemlayer/pgfsyssoftpath.code.
tex
File: pgfsyssoftpath.code.tex 2023-01-15 v3.1.10 (3.1.10)
\pgfsyssoftpath@smallbuffer@items=\count316
\pgfsyssoftpath@bigbuffer@items=\count317
)
(/usr/share/texlive/texmf-dist/tex/generic/pgf/systemlayer/pgfsysprotocol.code.
tex
File: pgfsysprotocol.code.tex 2023-01-15 v3.1.10 (3.1.10)
)) (/usr/share/texlive/texmf-dist/tex/latex/float/float.sty
Package: float 2001/11/08 v1.3d Float enhancements (AL)
\c@float@type=\count318
\float@exts=\toks43
\float@box=\box62
\@float@everytoks=\toks44
\@floatcapt=\box63
)
(/usr/share/texlive/texmf-dist/tex/latex/adjustbox/adjustbox.sty
Package: adjustbox 2022/10/17 v1.3a Adjusting TeX boxes (trim, clip, ...)

(/usr/share/texlive/texmf-dist/tex/latex/adjustbox/adjcalc.sty
Package: adjcalc 2012/05/16 v1.1 Provides advanced setlength with multiple back
-ends (calc, etex, pgfmath)
)
(/usr/share/texlive/texmf-dist/tex/latex/adjustbox/trimclip.sty
Package: trimclip 2020/08/19 v1.2 Trim and clip general TeX material

(/usr/share/texlive/texmf-dist/tex/latex/collectbox/collectbox.sty
Package: collectbox 2022/10/17 v0.4c Collect macro arguments as boxes
\collectedbox=\box64
)
\tc@llx=\dimen186
\tc@lly=\dimen187
\tc@urx=\dimen188
\tc@ury=\dimen189
Package trimclip Info: Using driver 'tc-pdftex.def'.

(/usr/share/texlive/texmf-dist/tex/latex/adjustbox/tc-pdftex.def
File: tc-pdftex.def 2019/01/04 v2.2 Clipping driver for pdftex
))
\adjbox@Width=\dimen190
\adjbox@Height=\dimen191
\adjbox@Depth=\dimen192
\adjbox@Totalheight=\dimen193
\adjbox@pwidth=\dimen194
\adjbox@pheight=\dimen195
\adjbox@pdepth=\dimen196
\adjbox@ptotalheight=\dimen197

(/usr/share/texlive/texmf-dist/tex/latex/ifoddpage/ifoddpage.sty
Package: ifoddpage 2022/10/18 v1.2 Conditionals for odd/even page detection
\c@checkoddpage=\count319
)
(/usr/share/texlive/texmf-dist/tex/latex/varwidth/varwidth.sty
Package: varwidth 2009/03/30 ver 0.92;  Variable-width minipages
\@vwid@box=\box65
\sift@deathcycles=\count320
\@vwid@loff=\dimen198
\@vwid@roff=\dimen199
))
(/usr/share/texlive/texmf-dist/tex/latex/geometry/geometry.sty
Package: geometry 2020/01/02 v5.9 Page Geometry

(/usr/share/texlive/texmf-dist/tex/generic/iftex/ifvtex.sty
Package: ifvtex 2019/10/25 v1.7 ifvtex legacy package. Use iftex instead.
)
\Gm@cnth=\count321
\Gm@cntv=\count322
\c@Gm@tempcnt=\count323
\Gm@bindingoffset=\dimen256
\Gm@wd@mp=\dimen257
\Gm@odd@mp=\dimen258
\Gm@even@mp=\dimen259
\Gm@layoutwidth=\dimen260
\Gm@layoutheight=\dimen261
\Gm@layouthoffset=\dimen262
\Gm@layoutvoffset=\dimen263
\Gm@dimlist=\toks45
)
(/usr/share/texlive/texmf-dist/tex/latex/pdfpages/pdfpages.sty
Package: pdfpages 2022/12/19 v0.5x Insert pages of external PDF documents (AM)

(/usr/share/texlive/texmf-dist/tex/latex/tools/calc.sty
Package: calc 2017/05/25 v4.3 Infix arithmetic (KKT,FJ)
\calc@Acount=\count324
\calc@Bcount=\count325
\calc@Adimen=\dimen264
\calc@Bdimen=\dimen265
\calc@Askip=\skip71
\calc@Bskip=\skip72
LaTeX Info: Redefining \setlength on input line 80.
LaTeX Info: Redefining \addtolength on input line 81.
\calc@Ccount=\count326
\calc@Cskip=\skip73
)
(/usr/share/texlive/texmf-dist/tex/latex/eso-pic/eso-pic.sty
Package: eso-pic 2023/05/03 v3.0c eso-pic (RN)
\ESO@tempdima=\dimen266
\ESO@tempdimb=\dimen267
)
\AM@pagewidth=\dimen268
\AM@pageheight=\dimen269
\AM@fboxrule=\dimen270

(/usr/share/texlive/texmf-dist/tex/latex/pdfpages/pppdftex.def
File: pppdftex.def 2022/12/19 v0.5x Pdfpages driver for pdfTeX (AM)
)
\pdfpages@includegraphics@status=\count327
\AM@pagebox=\box66
\AM@global@opts=\toks46
\AM@pagecnt=\count328
\AM@toc@title=\toks47
\AM@lof@heading=\toks48
\c@AM@survey=\count329
\AM@templatesizebox=\box67
)
\glswrite=\write4
\glo@main@file=\write5
\openout5 = `main.glo'.

Package glossaries Info: Writing glossary file main.glo on input line 25.
\glo@acronym@file=\write6
\openout6 = `main.acn'.

Package glossaries Info: Writing glossary file main.acn on input line 25.

(/usr/share/texlive/texmf-dist/tex/latex/tools/verbatim.sty
Package: verbatim 2022-07-02 v1.5u LaTeX2e package for verbatim enhancements
\every@verbatim=\toks49
\verbatim@line=\toks50
\verbatim@in@stream=\read3
)
runsystem(cp /usr/local/share/latexmk/LatexMk ./LatexMk)...executed.


(/usr/share/texlive/texmf-dist/tex/latex/l3backend/l3backend-pdftex.def
File: l3backend-pdftex.def 2023-04-19 L3 backend support: PDF output (pdfTeX)
\l__color_backend_stack_int=\count330
\l__pdf_internal_box=\box68
)
(./main.aux)
\openout1 = `main.aux'.

LaTeX Font Info:    Checking defaults for OML/cmm/m/it on input line 47.
LaTeX Font Info:    ... okay on input line 47.
LaTeX Font Info:    Checking defaults for OMS/cmsy/m/n on input line 47.
LaTeX Font Info:    ... okay on input line 47.
LaTeX Font Info:    Checking defaults for OT1/cmr/m/n on input line 47.
LaTeX Font Info:    ... okay on input line 47.
LaTeX Font Info:    Checking defaults for T1/cmr/m/n on input line 47.
LaTeX Font Info:    ... okay on input line 47.
LaTeX Font Info:    Checking defaults for TS1/cmr/m/n on input line 47.
LaTeX Font Info:    ... okay on input line 47.
LaTeX Font Info:    Checking defaults for OMX/cmex/m/n on input line 47.
LaTeX Font Info:    ... okay on input line 47.
LaTeX Font Info:    Checking defaults for U/cmr/m/n on input line 47.
LaTeX Font Info:    ... okay on input line 47.
Package caption Info: Begin \AtBeginDocument code.
Package caption Info: subfig package v1.3 is loaded.
Package caption Info: float package is loaded.
Package caption Info: longtable package is loaded.
 (/usr/share/texlive/texmf-dist/tex/latex/caption/ltcaption.sty
Package: ltcaption 2021/01/08 v1.4c longtable captions (AR)
)
Package caption Info: supertabular package is loaded.
Package caption Info: End \AtBeginDocument code.

(/usr/share/texlive/texmf-dist/tex/context/base/mkii/supp-pdf.mkii
[Loading MPS to PDF converter (version 2006.09.02).]
\scratchcounter=\count331
\scratchdimen=\dimen271
\scratchbox=\box69
\nofMPsegments=\count332
\nofMParguments=\count333
\everyMPshowfont=\toks51
\MPscratchCnt=\count334
\MPscratchDim=\dimen272
\MPnumerator=\count335
\makeMPintoPDFobject=\count336
\everyMPtoPDFconversion=\toks52
) (/usr/share/texlive/texmf-dist/tex/latex/epstopdf-pkg/epstopdf-base.sty
Package: epstopdf-base 2020-01-24 v2.11 Base part for package epstopdf
Package epstopdf-base Info: Redefining graphics rule for `.eps' on input line 4
85.

(/usr/share/texlive/texmf-dist/tex/latex/latexconfig/epstopdf-sys.cfg
File: epstopdf-sys.cfg 2010/07/13 v1.3 Configuration of (r)epstopdf for TeX Liv
e
))
*geometry* driver: auto-detecting
*geometry* detected driver: pdftex
*geometry* verbose mode - [ preamble ] result:
* driver: pdftex
* paper: a4paper
* layout: <same size as paper>
* layoutoffset:(h,v)=(0.0pt,0.0pt)
* modes: 
* h-part:(L,W,R)=(71.13188pt, 455.24411pt, 71.13188pt)
* v-part:(T,H,B)=(85.35826pt, 658.28194pt, 101.40665pt)
* \paperwidth=597.50787pt
* \paperheight=845.04684pt
* \textwidth=455.24411pt
* \textheight=658.28194pt
* \oddsidemargin=-1.1381pt
* \evensidemargin=-1.1381pt
* \topmargin=-23.91173pt
* \headheight=12.0pt
* \headsep=25.0pt
* \topskip=10.0pt
* \footskip=30.0pt
* \marginparwidth=65.0pt
* \marginparsep=11.0pt
* \columnsep=10.0pt
* \skip\footins=9.0pt plus 4.0pt minus 2.0pt
* \hoffset=0.0pt
* \voffset=0.0pt
* \mag=1000
* \@twocolumnfalse
* \@twosidefalse
* \@mparswitchfalse
* \@reversemarginfalse
* (1in=72.27pt=25.4mm, 1cm=28.453pt)

(/usr/share/texlive/texmf-dist/tex/latex/pdflscape/pdflscape.sty
Package: pdflscape 2022-10-27 v0.13 Display of landscape pages in PDF

(/usr/share/texlive/texmf-dist/tex/latex/pdflscape/pdflscape-nometadata.sty
Package: pdflscape-nometadata 2022-10-28 v0.13 Display of landscape pages in PD
F (HO)

(/usr/share/texlive/texmf-dist/tex/latex/graphics/lscape.sty
Package: lscape 2020/05/28 v3.02 Landscape Pages (DPC)
)
Package pdflscape Info: Auto-detected driver: pdftex on input line 81.
))
<portada.pdf, id=4, 597.23125pt x 845.1575pt>
File: portada.pdf Graphic file (type pdf)
<use portada.pdf>
Package pdftex.def Info: portada.pdf  used on input line 48.
(pdftex.def)             Requested size: 597.22978pt x 845.15544pt.
File: portada.pdf Graphic file (type pdf)
<use portada.pdf>
Package pdftex.def Info: portada.pdf  used on input line 48.
(pdftex.def)             Requested size: 597.22978pt x 845.15544pt.
<portada.pdf, id=7, page=1, 597.23125pt x 845.1575pt>
File: portada.pdf Graphic file (type pdf)
<use portada.pdf, page 1>
Package pdftex.def Info: portada.pdf , page1 used on input line 48.
(pdftex.def)             Requested size: 597.22978pt x 845.15544pt.
File: portada.pdf Graphic file (type pdf)
<use portada.pdf, page 1>
Package pdftex.def Info: portada.pdf , page1 used on input line 48.
(pdftex.def)             Requested size: 597.25711pt x 845.19412pt.
File: portada.pdf Graphic file (type pdf)
<use portada.pdf, page 1>
Package pdftex.def Info: portada.pdf , page1 used on input line 48.
(pdftex.def)             Requested size: 597.25711pt x 845.19412pt.
File: portada.pdf Graphic file (type pdf)
<use portada.pdf, page 1>
Package pdftex.def Info: portada.pdf , page1 used on input line 48.
(pdftex.def)             Requested size: 597.25711pt x 845.19412pt.
File: portada.pdf Graphic file (type pdf)
<use portada.pdf, page 1>
Package pdftex.def Info: portada.pdf , page1 used on input line 48.
(pdftex.def)             Requested size: 597.25711pt x 845.19412pt.
 [1

\openout4 = `main.ist'.

 <./portada.pdf>] [2{/var/lib/texmf/fonts/map/pdftex/updmap/pdftex.map}] (./mai
n.toc
LaTeX Font Info:    Trying to load font information for OMS+rsfs on input line 
3.

(/usr/share/texlive/texmf-dist/tex/latex/calrsfs/OMSrsfs.fd)
LaTeX Font Info:    Trying to load font information for U+msa on input line 3.

(/usr/share/texlive/texmf-dist/tex/latex/amsfonts/umsa.fd
File: umsa.fd 2013/01/14 v3.01 AMS symbols A
)
LaTeX Font Info:    Trying to load font information for U+msb on input line 3.

(/usr/share/texlive/texmf-dist/tex/latex/amsfonts/umsb.fd
File: umsb.fd 2013/01/14 v3.01 AMS symbols B
))
\tf@toc=\write7
\openout7 = `main.toc'.

 [3] (./main.acr)
[4] (./intro.tex) [5] (./related_works.tex [6]
<figures/sfm.png, id=47, 1115.16624pt x 212.795pt>
File: figures/sfm.png Graphic file (type png)
<use figures/sfm.png>
Package pdftex.def Info: figures/sfm.png  used on input line 17.
(pdftex.def)             Requested size: 318.66948pt x 60.80629pt.
<figures/nerf.png, id=49, 947.54pt x 248.93pt>
File: figures/nerf.png Graphic file (type png)
<use figures/nerf.png>
Package pdftex.def Info: figures/nerf.png  used on input line 33.
(pdftex.def)             Requested size: 318.66948pt x 83.71587pt.
 [7 <./figures/sfm.png> <./figures/nerf.png>]
<figures/mipnerf.png, id=58, 760.8425pt x 256.96pt>
File: figures/mipnerf.png Graphic file (type png)
<use figures/mipnerf.png>
Package pdftex.def Info: figures/mipnerf.png  used on input line 45.
(pdftex.def)             Requested size: 273.14923pt x 92.25066pt.
<figures/fastnerf.png, id=59, 815.045pt x 325.215pt>
File: figures/fastnerf.png Graphic file (type png)
<use figures/fastnerf.png>
Package pdftex.def Info: figures/fastnerf.png  used on input line 55.
(pdftex.def)             Requested size: 273.14923pt x 108.98863pt.
 [8 <./figures/mipnerf.png> <./figures/fastnerf.png>]
<figures/mipnerf360-scene.png, id=65, 783.92876pt x 393.47pt>
File: figures/mipnerf360-scene.png Graphic file (type png)
<use figures/mipnerf360-scene.png>
Package pdftex.def Info: figures/mipnerf360-scene.png  used on input line 67.
(pdftex.def)             Requested size: 227.62206pt x 114.24747pt.
<figures/360-gradients.png, id=66, 687.56876pt x 327.2225pt>
File: figures/360-gradients.png Graphic file (type png)
<use figures/360-gradients.png>
Package pdftex.def Info: figures/360-gradients.png  used on input line 77.
(pdftex.def)             Requested size: 273.14923pt x 129.99292pt.
 [9 <./figures/mipnerf360-scene.png>]
<figures/plenoxels.png, id=71, 1313.90875pt x 397.485pt>
File: figures/plenoxels.png Graphic file (type png)
<use figures/plenoxels.png>
Package pdftex.def Info: figures/plenoxels.png  used on input line 89.
(pdftex.def)             Requested size: 318.66948pt x 96.40515pt.
 [10 <./figures/360-gradients.png> <./figures/plenoxels.png>]
LaTeX Font Info:    Trying to load font information for OMS+zplm on input line 
106.
 (/usr/share/texlive/texmf-dist/tex/latex/psnfss/omszplm.fd
File: omszplm.fd 2002/09/08 Fontinst v1.914 font definitions for OMS/zplm.
)
<figures/3dgs.png, id=78, 1368.11125pt x 257.96375pt>
File: figures/3dgs.png Graphic file (type png)
<use figures/3dgs.png>
Package pdftex.def Info: figures/3dgs.png  used on input line 110.
(pdftex.def)             Requested size: 318.66948pt x 60.08615pt.
 [11]
<figures/densification.png, id=83, 614.295pt x 370.38374pt>
File: figures/densification.png Graphic file (type png)
<use figures/densification.png>
Package pdftex.def Info: figures/densification.png  used on input line 119.
(pdftex.def)             Requested size: 273.14923pt x 164.69307pt.
 [12 <./figures/3dgs.png> <./figures/densification.png>]
<figures/lgmethod.png, id=89, 1423.3175pt x 325.215pt>
File: figures/lgmethod.png Graphic file (type png)
<use figures/lgmethod.png>
Package pdftex.def Info: figures/lgmethod.png  used on input line 137.
(pdftex.def)             Requested size: 364.19667pt x 83.21405pt.
 [13 <./figures/lgmethod.png>]
<figures/compression.png, id=95, 1339.0025pt x 344.28625pt>
File: figures/compression.png Graphic file (type png)
<use figures/compression.png>
Package pdftex.def Info: figures/compression.png  used on input line 155.
(pdftex.def)             Requested size: 364.19667pt x 93.64146pt.

[14 <./figures/compression.png>]
<figures/compact_arch.png, id=100, 1345.025pt x 310.15875pt>
File: figures/compact_arch.png Graphic file (type png)
<use figures/compact_arch.png>
Package pdftex.def Info: figures/compact_arch.png  used on input line 171.
(pdftex.def)             Requested size: 318.66948pt x 73.48363pt.
<figures/scaffoldgs.png, id=101, 1465.475pt x 362.35374pt>
File: figures/scaffoldgs.png Graphic file (type png)
<use figures/scaffoldgs.png>
Package pdftex.def Info: figures/scaffoldgs.png  used on input line 187.
(pdftex.def)             Requested size: 364.19667pt x 90.04636pt.
 [15 <./figures/compact_arch.png> <./figures/scaffoldgs.png>]
<figures/mipsplat_degen.png, id=108, 1324.95pt x 539.01375pt>
File: figures/mipsplat_degen.png Graphic file (type png)
<use figures/mipsplat_degen.png>
Package pdftex.def Info: figures/mipsplat_degen.png  used on input line 199.
(pdftex.def)             Requested size: 364.19667pt x 148.15932pt.
 [16 <./figures/mipsplat_degen.png>]
<figures/multiscale_gaussian.png, id=113, 1316.92pt x 455.7025pt>
File: figures/multiscale_gaussian.png Graphic file (type png)
<use figures/multiscale_gaussian.png>
Package pdftex.def Info: figures/multiscale_gaussian.png  used on input line 21
7.
(pdftex.def)             Requested size: 364.19667pt x 126.02434pt.
 [17 <./figures/multiscale_gaussian.png>]
<figures/citygs_training.png, id=118, 952.55875pt x 182.6825pt>
File: figures/citygs_training.png Graphic file (type png)
<use figures/citygs_training.png>
Package pdftex.def Info: figures/citygs_training.png  used on input line 231.
(pdftex.def)             Requested size: 364.19667pt x 69.84654pt.
<figures/citygs_rendering.png, id=119, 952.55875pt x 182.6825pt>
File: figures/citygs_rendering.png Graphic file (type png)
<use figures/citygs_rendering.png>
Package pdftex.def Info: figures/citygs_rendering.png  used on input line 240.
(pdftex.def)             Requested size: 364.19667pt x 69.84654pt.
 [18 <./figures/citygs_training.png> <./figures/citygs_rendering.png>]
<figures/octreegs.png, id=125, 832.10875pt x 371.3875pt>
File: figures/octreegs.png Graphic file (type png)
<use figures/octreegs.png>
Package pdftex.def Info: figures/octreegs.png  used on input line 256.
(pdftex.def)             Requested size: 364.19667pt x 162.54962pt.
 [19 <./figures/octreegs.png>]
<figures/inria_granularity.png, id=131, 607.26875pt x 234.8775pt>
File: figures/inria_granularity.png Graphic file (type png)
<use figures/inria_granularity.png>
Package pdftex.def Info: figures/inria_granularity.png  used on input line 274.

(pdftex.def)             Requested size: 204.85846pt x 79.23369pt.
<figures/inria_train.png, id=132, 545.03625pt x 200.75pt>
File: figures/inria_train.png Graphic file (type png)
<use figures/inria_train.png>
Package pdftex.def Info: figures/inria_train.png  used on input line 280.
(pdftex.def)             Requested size: 204.85846pt x 75.45259pt.
) [20 <./figures/inria_granularity.png> <./figures/inria_train.png>] (./overvie
w.tex
Package svg Info: Last page of `./svg-inkscape/system_svg-tex.pdf' is 1 on inpu
t line 9.
 (./svg-inkscape/system_svg-tex.pdf_tex
<./svg-inkscape/system_svg-tex.pdf, id=139, page=1, 546.16547pt x 483.68204pt>
File: ./svg-inkscape/system_svg-tex.pdf Graphic file (type pdf)
<use ./svg-inkscape/system_svg-tex.pdf, page 1>
Package pdftex.def Info: ./svg-inkscape/system_svg-tex.pdf , page1 used on inpu
t line 56.
(pdftex.def)             Requested size: 318.66948pt x 282.21112pt.
)
[21 <./svg-inkscape/system_svg-tex.pdf>]) [22] (./rendering.tex [23] [24]
Package svg Info: Last page of `./svg-inkscape/sorting key_svg-tex.pdf' is 3 on
 input line 73.

(./svg-inkscape/sorting key_svg-tex.pdf_tex
<./svg-inkscape/sorting key_svg-tex.pdf, id=198, page=1, 472.32257pt x 95.59857
pt>
File: ./svg-inkscape/sorting key_svg-tex.pdf Graphic file (type pdf)
<use ./svg-inkscape/sorting key_svg-tex.pdf, page 1>
Package pdftex.def Info: ./svg-inkscape/sorting key_svg-tex.pdf , page1 used on
 input line 56.
(pdftex.def)             Requested size: 432.48051pt x 87.53601pt.
<./svg-inkscape/sorting key_svg-tex.pdf, id=199, page=2, 472.32257pt x 95.59857
pt>
File: ./svg-inkscape/sorting key_svg-tex.pdf Graphic file (type pdf)
<use ./svg-inkscape/sorting key_svg-tex.pdf, page 2>
Package pdftex.def Info: ./svg-inkscape/sorting key_svg-tex.pdf , page2 used on
 input line 59.
(pdftex.def)             Requested size: 432.48051pt x 87.53601pt.
<./svg-inkscape/sorting key_svg-tex.pdf, id=200, page=3, 472.32257pt x 95.59857
pt>
File: ./svg-inkscape/sorting key_svg-tex.pdf Graphic file (type pdf)
<use ./svg-inkscape/sorting key_svg-tex.pdf, page 3>
Package pdftex.def Info: ./svg-inkscape/sorting key_svg-tex.pdf , page3 used on
 input line 65.
(pdftex.def)             Requested size: 432.48051pt x 87.53601pt.
)
Package svg Info: Last page of `./svg-inkscape/sorted_keys_svg-tex.pdf' is 1 on
 input line 84.

(./svg-inkscape/sorted_keys_svg-tex.pdf_tex
<./svg-inkscape/sorted_keys_svg-tex.pdf, id=202, page=1, 424.12303pt x 88.27258
pt>
File: ./svg-inkscape/sorted_keys_svg-tex.pdf Graphic file (type pdf)
<use ./svg-inkscape/sorted_keys_svg-tex.pdf, page 1>
Package pdftex.def Info: ./svg-inkscape/sorted_keys_svg-tex.pdf , page1 used on
 input line 56.
(pdftex.def)             Requested size: 432.48051pt x 90.01796pt.
) [25 <./svg-inkscape/sorting key_svg-tex.pdf> <./svg-inkscape/sorting key_svg-
tex.pdf

pdfTeX warning: pdflatex (file ./svg-inkscape/sorting key_svg-tex.pdf): PDF inc
lusion: multiple pdfs with page group included in a single page
> <./svg-inkscape/sorting key_svg-tex.pdf

pdfTeX warning: pdflatex (file ./svg-inkscape/sorting key_svg-tex.pdf): PDF inc
lusion: multiple pdfs with page group included in a single page
> <./svg-inkscape/sorted_keys_svg-tex.pdf

pdfTeX warning: pdflatex (file ./svg-inkscape/sorted_keys_svg-tex.pdf): PDF inc
lusion: multiple pdfs with page group included in a single page
>]
Package svg Info: Last page of `./svg-inkscape/init_profile_svg-tex.pdf' is 1 o
n input line 141.
 (./svg-inkscape/init_profile_svg-tex.pdf_tex
<./svg-inkscape/init_profile_svg-tex.pdf, id=211, page=1, 591.71063pt x 365.866
88pt>
File: ./svg-inkscape/init_profile_svg-tex.pdf Graphic file (type pdf)
<use ./svg-inkscape/init_profile_svg-tex.pdf, page 1>
Package pdftex.def Info: ./svg-inkscape/init_profile_svg-tex.pdf , page1 used o
n input line 56.
(pdftex.def)             Requested size: 227.62206pt x 140.74474pt.
)
Package svg Info: Last page of `./svg-inkscape/speedup_svg-tex.pdf' is 1 on inp
ut line 141.

(./svg-inkscape/speedup_svg-tex.pdf_tex
<./svg-inkscape/speedup_svg-tex.pdf, id=213, page=1, 587.94656pt x 414.79968pt>

File: ./svg-inkscape/speedup_svg-tex.pdf Graphic file (type pdf)
<use ./svg-inkscape/speedup_svg-tex.pdf, page 1>
Package pdftex.def Info: ./svg-inkscape/speedup_svg-tex.pdf , page1 used on inp
ut line 56.
(pdftex.def)             Requested size: 227.62206pt x 160.58763pt.
) [26]) [27 <./svg-inkscape/init_profile_svg-tex.pdf> <./svg-inkscape/speedup_s
vg-tex.pdf

pdfTeX warning: pdflatex (file ./svg-inkscape/speedup_svg-tex.pdf): PDF inclusi
on: multiple pdfs with page group included in a single page
>] (./merging.tex [28]
Package svg Info: Last page of `./svg-inkscape/blending_svg-tex.pdf' is 1 on in
put line 22.
 (./svg-inkscape/blending_svg-tex.pdf_tex
<./svg-inkscape/blending_svg-tex.pdf, id=270, page=1, 324.86562pt x 254.51904pt
>
File: ./svg-inkscape/blending_svg-tex.pdf Graphic file (type pdf)
<use ./svg-inkscape/blending_svg-tex.pdf, page 1>
Package pdftex.def Info: ./svg-inkscape/blending_svg-tex.pdf , page1 used on in
put line 56.
(pdftex.def)             Requested size: 227.62206pt x 178.33298pt.
)
Package svg Info: Last page of `./svg-inkscape/opacity_sum_svg-tex.pdf' is 1 on
 input line 50.

(./svg-inkscape/opacity_sum_svg-tex.pdf_tex
<./svg-inkscape/opacity_sum_svg-tex.pdf, id=272, page=1, 462.52798pt x 346.8960
1pt>
File: ./svg-inkscape/opacity_sum_svg-tex.pdf Graphic file (type pdf)
<use ./svg-inkscape/opacity_sum_svg-tex.pdf, page 1>
Package pdftex.def Info: ./svg-inkscape/opacity_sum_svg-tex.pdf , page1 used on
 input line 56.
(pdftex.def)             Requested size: 182.09486pt x 136.56984pt.
)
Package svg Info: Last page of `./svg-inkscape/perceived_opacity_svg-tex.pdf' i
s 1 on input line 50.

(./svg-inkscape/perceived_opacity_svg-tex.pdf_tex
<./svg-inkscape/perceived_opacity_svg-tex.pdf, id=274, page=1, 462.52798pt x 34
6.89601pt>
File: ./svg-inkscape/perceived_opacity_svg-tex.pdf Graphic file (type pdf)
<use ./svg-inkscape/perceived_opacity_svg-tex.pdf, page 1>
Package pdftex.def Info: ./svg-inkscape/perceived_opacity_svg-tex.pdf , page1 u
sed on input line 56.
(pdftex.def)             Requested size: 182.09486pt x 136.56984pt.
)
Package svg Info: Last page of `./svg-inkscape/merged_model_svg-tex.pdf' is 1 o
n input line 50.

(./svg-inkscape/merged_model_svg-tex.pdf_tex
<./svg-inkscape/merged_model_svg-tex.pdf, id=276, page=1, 462.52798pt x 346.896
01pt>
File: ./svg-inkscape/merged_model_svg-tex.pdf Graphic file (type pdf)
<use ./svg-inkscape/merged_model_svg-tex.pdf, page 1>
Package pdftex.def Info: ./svg-inkscape/merged_model_svg-tex.pdf , page1 used o
n input line 56.
(pdftex.def)             Requested size: 182.09486pt x 136.56984pt.
) [29 <./svg-inkscape/blending_svg-tex.pdf> <./svg-inkscape/opacity_sum_svg-tex
.pdf

pdfTeX warning: pdflatex (file ./svg-inkscape/opacity_sum_svg-tex.pdf): PDF inc
lusion: multiple pdfs with page group included in a single page
> <./svg-inkscape/perceived_opacity_svg-tex.pdf

pdfTeX warning: pdflatex (file ./svg-inkscape/perceived_opacity_svg-tex.pdf): P
DF inclusion: multiple pdfs with page group included in a single page
> <./svg-inkscape/merged_model_svg-tex.pdf

pdfTeX warning: pdflatex (file ./svg-inkscape/merged_model_svg-tex.pdf): PDF in
clusion: multiple pdfs with page group included in a single page
>]
<figures/pca2d.png, id=365, 385.44pt x 384.4764pt>
File: figures/pca2d.png Graphic file (type png)
<use figures/pca2d.png>
Package pdftex.def Info: figures/pca2d.png  used on input line 94.
(pdftex.def)             Requested size: 318.66948pt x 317.8716pt.
 [30]) [31 <./figures/pca2d.png>] (./space_division.tex
Package svg Info: Last page of `./svg-inkscape/octree_diff_svg-tex.pdf' is 1 on
 input line 13.

(./svg-inkscape/octree_diff_svg-tex.pdf_tex
<./svg-inkscape/octree_diff_svg-tex.pdf, id=376, page=1, 561.93611pt x 261.3933
4pt>
File: ./svg-inkscape/octree_diff_svg-tex.pdf Graphic file (type pdf)
<use ./svg-inkscape/octree_diff_svg-tex.pdf, page 1>
Package pdftex.def Info: ./svg-inkscape/octree_diff_svg-tex.pdf , page1 used on
 input line 56.
(pdftex.def)             Requested size: 409.71692pt x 190.59218pt.
) [32 <./svg-inkscape/octree_diff_svg-tex.pdf>]
Package svg Info: Last page of `./svg-inkscape/octree_bbox_svg-tex.pdf' is 1 on
 input line 22.
 (./svg-inkscape/octree_bbox_svg-tex.pdf_tex
<./svg-inkscape/octree_bbox_svg-tex.pdf, id=520, page=1, 281.28552pt x 280.9799
5pt>
File: ./svg-inkscape/octree_bbox_svg-tex.pdf Graphic file (type pdf)
<use ./svg-inkscape/octree_bbox_svg-tex.pdf, page 1>
Package pdftex.def Info: ./svg-inkscape/octree_bbox_svg-tex.pdf , page1 used on
 input line 56.
(pdftex.def)             Requested size: 227.62206pt x 227.37384pt.
)
Package svg Info: Last page of `./svg-inkscape/split_svg-tex.pdf' is 1 on input
 line 32.

(./svg-inkscape/split_svg-tex.pdf_tex
<./svg-inkscape/split_svg-tex.pdf, id=522, page=1, 432.91632pt x 263.46155pt>
File: ./svg-inkscape/split_svg-tex.pdf Graphic file (type pdf)
<use ./svg-inkscape/split_svg-tex.pdf, page 1>
Package pdftex.def Info: ./svg-inkscape/split_svg-tex.pdf , page1 used on input
 line 56.
(pdftex.def)             Requested size: 409.71692pt x 249.34633pt.
) [33 <./svg-inkscape/octree_bbox_svg-tex.pdf>]
Package svg Info: Last page of `./svg-inkscape/bsp_svg-tex.pdf' is 1 on input l
ine 41.
 (./svg-inkscape/bsp_svg-tex.pdf_tex
<./svg-inkscape/bsp_svg-tex.pdf, id=586, page=1, 555.10628pt x 265.89352pt>
File: ./svg-inkscape/bsp_svg-tex.pdf Graphic file (type pdf)
<use ./svg-inkscape/bsp_svg-tex.pdf, page 1>
Package pdftex.def Info: ./svg-inkscape/bsp_svg-tex.pdf , page1 used on input l
ine 56.
(pdftex.def)             Requested size: 409.71692pt x 196.25502pt.
) [34 <./svg-inkscape/split_svg-tex.pdf> <./svg-inkscape/bsp_svg-tex.pdf

pdfTeX warning: pdflatex (file ./svg-inkscape/bsp_svg-tex.pdf): PDF inclusion: 
multiple pdfs with page group included in a single page
>] [35]
<figures/clustering_color.png, id=762, 1184.17406pt x 289.08pt>
File: figures/clustering_color.png Graphic file (type png)
<use figures/clustering_color.png>
Package pdftex.def Info: figures/clustering_color.png  used on input line 88.
(pdftex.def)             Requested size: 455.24411pt x 111.13513pt.
<figures/clustering_space.png, id=763, 1736.73843pt x 433.62pt>
File: figures/clustering_space.png Graphic file (type png)
<use figures/clustering_space.png>
Package pdftex.def Info: figures/clustering_space.png  used on input line 97.
(pdftex.def)             Requested size: 455.24411pt x 113.65823pt.
 [36 <./figures/clustering_color.png>]) [37 <./figures/clustering_space.png>] (
./lod.tex
Package svg Info: Last page of `./svg-inkscape/totaltree_svg-tex.pdf' is 1 on i
nput line 9.
 (./svg-inkscape/totaltree_svg-tex.pdf_tex
<./svg-inkscape/totaltree_svg-tex.pdf, id=774, page=1, 406.83578pt x 436.49289p
t>
File: ./svg-inkscape/totaltree_svg-tex.pdf Graphic file (type pdf)
<use ./svg-inkscape/totaltree_svg-tex.pdf, page 1>
Package pdftex.def Info: ./svg-inkscape/totaltree_svg-tex.pdf , page1 used on i
nput line 56.
(pdftex.def)             Requested size: 273.14923pt x 293.07478pt.
) [38 <./svg-inkscape/totaltree_svg-tex.pdf>]
Package svg Info: Last page of `./svg-inkscape/granularity_svg-tex.pdf' is 1 on
 input line 27.
 (./svg-inkscape/granularity_svg-tex.pdf_tex
<./svg-inkscape/granularity_svg-tex.pdf, id=833, page=1, 533.63194pt x 263.5395
5pt>
File: ./svg-inkscape/granularity_svg-tex.pdf Graphic file (type pdf)
<use ./svg-inkscape/granularity_svg-tex.pdf, page 1>
Package pdftex.def Info: ./svg-inkscape/granularity_svg-tex.pdf , page1 used on
 input line 56.
(pdftex.def)             Requested size: 318.66948pt x 157.37698pt.
) [39 <./svg-inkscape/granularity_svg-tex.pdf>]) [40] (./performance.tex
<figures/nvidia_arch.png, id=842, 568.1225pt x 770.88pt>
File: figures/nvidia_arch.png Graphic file (type png)
<use figures/nvidia_arch.png>
Package pdftex.def Info: figures/nvidia_arch.png  used on input line 10.
(pdftex.def)             Requested size: 149.3763pt x 202.68251pt.

Underfull \hbox (badness 1048) in paragraph at lines 15--16
\OT1/cmr/m/n/10 traver-sal in the GPU. The CUDA pro-gram-ming
 []

[41 <./figures/nvidia_arch.png>]) [42] (./results.tex
Package svg Info: Last page of `./svg-inkscape/truck_sample_svg-tex.pdf' is 1 o
n input line 38.

(./svg-inkscape/truck_sample_svg-tex.pdf_tex
<./svg-inkscape/truck_sample_svg-tex.pdf, id=851, page=1, 490.45734pt x 233.748
28pt>
File: ./svg-inkscape/truck_sample_svg-tex.pdf Graphic file (type pdf)
<use ./svg-inkscape/truck_sample_svg-tex.pdf, page 1>
Package pdftex.def Info: ./svg-inkscape/truck_sample_svg-tex.pdf , page1 used o
n input line 56.
(pdftex.def)             Requested size: 455.24411pt x 216.97346pt.
) [43]
Package svg Info: Last page of `./svg-inkscape/railing_lod_svg-tex.pdf' is 1 on
 input line 47.

(./svg-inkscape/railing_lod_svg-tex.pdf_tex
<./svg-inkscape/railing_lod_svg-tex.pdf, id=858, page=1, 938.38078pt x 496.8562
5pt>
File: ./svg-inkscape/railing_lod_svg-tex.pdf Graphic file (type pdf)
<use ./svg-inkscape/railing_lod_svg-tex.pdf, page 1>
Package pdftex.def Info: ./svg-inkscape/railing_lod_svg-tex.pdf , page1 used on
 input line 56.
(pdftex.def)             Requested size: 455.24411pt x 241.04321pt.
) [44 <./svg-inkscape/truck_sample_svg-tex.pdf>]
Package svg Info: Last page of `./svg-inkscape/panel_lods_svg-tex.pdf' is 1 on 
input line 56.
 (./svg-inkscape/panel_lods_svg-tex.pdf_tex
<./svg-inkscape/panel_lods_svg-tex.pdf, id=883, page=1, 786.31265pt x 369.25453
pt>
File: ./svg-inkscape/panel_lods_svg-tex.pdf Graphic file (type pdf)
<use ./svg-inkscape/panel_lods_svg-tex.pdf, page 1>
Package pdftex.def Info: ./svg-inkscape/panel_lods_svg-tex.pdf , page1 used on 
input line 56.
(pdftex.def)             Requested size: 455.24411pt x 213.79027pt.
) [45 <./svg-inkscape/railing_lod_svg-tex.pdf> <./svg-inkscape/panel_lods_svg-t
ex.pdf

pdfTeX warning: pdflatex (file ./svg-inkscape/panel_lods_svg-tex.pdf): PDF incl
usion: multiple pdfs with page group included in a single page
>] [46]
Package svg Info: Last page of `./svg-inkscape/truck_50_svg-tex.pdf' is 1 on in
put line 115.
 (./svg-inkscape/truck_50_svg-tex.pdf_tex
<./svg-inkscape/truck_50_svg-tex.pdf, id=1027, page=1, 558.58687pt x 345.54094p
t>
File: ./svg-inkscape/truck_50_svg-tex.pdf Graphic file (type pdf)
<use ./svg-inkscape/truck_50_svg-tex.pdf, page 1>
Package pdftex.def Info: ./svg-inkscape/truck_50_svg-tex.pdf , page1 used on in
put line 56.
(pdftex.def)             Requested size: 223.07211pt x 137.99248pt.
)
Package svg Info: Last page of `./svg-inkscape/truck_75_svg-tex.pdf' is 1 on in
put line 115.

(./svg-inkscape/truck_75_svg-tex.pdf_tex
<./svg-inkscape/truck_75_svg-tex.pdf, id=1029, page=1, 558.58687pt x 345.54094p
t>
File: ./svg-inkscape/truck_75_svg-tex.pdf Graphic file (type pdf)
<use ./svg-inkscape/truck_75_svg-tex.pdf, page 1>
Package pdftex.def Info: ./svg-inkscape/truck_75_svg-tex.pdf , page1 used on in
put line 56.
(pdftex.def)             Requested size: 223.07211pt x 137.99248pt.
)
Package svg Info: Last page of `./svg-inkscape/variation_svg-tex.pdf' is 1 on i
nput line 122.

(./svg-inkscape/variation_svg-tex.pdf_tex
<./svg-inkscape/variation_svg-tex.pdf, id=1031, page=1, 749.04843pt x 462.22687
pt>
File: ./svg-inkscape/variation_svg-tex.pdf Graphic file (type pdf)
<use ./svg-inkscape/variation_svg-tex.pdf, page 1>
Package pdftex.def Info: ./svg-inkscape/variation_svg-tex.pdf , page1 used on i
nput line 56.
(pdftex.def)             Requested size: 409.71692pt x 252.82907pt.
) [47 <./svg-inkscape/truck_50_svg-tex.pdf> <./svg-inkscape/truck_75_svg-tex.pd
f

pdfTeX warning: pdflatex (file ./svg-inkscape/truck_75_svg-tex.pdf): PDF inclus
ion: multiple pdfs with page group included in a single page
>] [48 <./svg-inkscape/variation_svg-tex.pdf>]
Package svg Info: Last page of `./svg-inkscape/50_Detail_Level_svg-tex.pdf' is 
1 on input line 171.

(./svg-inkscape/50_Detail_Level_svg-tex.pdf_tex
<./svg-inkscape/50_Detail_Level_svg-tex.pdf, id=1074, page=1, 616.55344pt x 380
.92313pt>
File: ./svg-inkscape/50_Detail_Level_svg-tex.pdf Graphic file (type pdf)
<use ./svg-inkscape/50_Detail_Level_svg-tex.pdf, page 1>
Package pdftex.def Info: ./svg-inkscape/50_Detail_Level_svg-tex.pdf , page1 use
d on input line 56.
(pdftex.def)             Requested size: 213.96529pt x 132.19167pt.
)
Package svg Info: Last page of `./svg-inkscape/100_Detail_Level_svg-tex.pdf' is
 1 on input line 171.

(./svg-inkscape/100_Detail_Level_svg-tex.pdf_tex
<./svg-inkscape/100_Detail_Level_svg-tex.pdf, id=1076, page=1, 616.55344pt x 38
0.92313pt>
File: ./svg-inkscape/100_Detail_Level_svg-tex.pdf Graphic file (type pdf)
<use ./svg-inkscape/100_Detail_Level_svg-tex.pdf, page 1>
Package pdftex.def Info: ./svg-inkscape/100_Detail_Level_svg-tex.pdf , page1 us
ed on input line 56.
(pdftex.def)             Requested size: 213.96529pt x 132.19167pt.
) [49 <./svg-inkscape/50_Detail_Level_svg-tex.pdf> <./svg-inkscape/100_Detail_L
evel_svg-tex.pdf

pdfTeX warning: pdflatex (file ./svg-inkscape/100_Detail_Level_svg-tex.pdf): PD
F inclusion: multiple pdfs with page group included in a single page
>]) [50] (./conclusion.tex [51]) [52] (./main.bbl [53] [54]) [55] (./main.aux)
 ***********
LaTeX2e <2023-06-01>
L3 programming layer <2023-06-05>
 ***********
 ) 
Here is how much of TeX's memory you used:
 15047 strings out of 477619
 271457 string characters out of 5829987
 1869759 words of memory out of 5000000
 35108 multiletter control sequences out of 15000+600000
 523452 words of font info for 71 fonts, out of 8000000 for 9000
 59 hyphenation exceptions out of 8191
 94i,17n,93p,2280b,724s stack positions out of 10000i,1000n,20000p,200000b,200000s
</usr/share/texlive/texmf-dist/fonts/type1/public/amsfonts/cm/cmbx10.pfb></us
r/share/texlive/texmf-dist/fonts/type1/public/amsfonts/cm/cmbx12.pfb></usr/shar
e/texlive/texmf-dist/fonts/type1/public/amsfonts/cm/cmbx7.pfb></usr/share/texli
ve/texmf-dist/fonts/type1/public/amsfonts/cm/cmbx9.pfb></usr/share/texlive/texm
f-dist/fonts/type1/public/amsfonts/cm/cmbxti10.pfb></usr/share/texlive/texmf-di
st/fonts/type1/public/amsfonts/cm/cmex10.pfb></usr/share/texlive/texmf-dist/fon
ts/type1/public/amsfonts/cm/cmmi10.pfb></usr/share/texlive/texmf-dist/fonts/typ
e1/public/amsfonts/cm/cmmi5.pfb></usr/share/texlive/texmf-dist/fonts/type1/publ
ic/amsfonts/cm/cmmi7.pfb></usr/share/texlive/texmf-dist/fonts/type1/public/amsf
onts/cm/cmmib10.pfb></usr/share/texlive/texmf-dist/fonts/type1/public/amsfonts/
cmextra/cmmib7.pfb></usr/share/texlive/texmf-dist/fonts/type1/public/amsfonts/c
m/cmr10.pfb></usr/share/texlive/texmf-dist/fonts/type1/public/amsfonts/cm/cmr5.
pfb></usr/share/texlive/texmf-dist/fonts/type1/public/amsfonts/cm/cmr7.pfb></us
r/share/texlive/texmf-dist/fonts/type1/public/amsfonts/cm/cmr9.pfb></usr/share/
texlive/texmf-dist/fonts/type1/public/amsfonts/cm/cmsy10.pfb></usr/share/texliv
e/texmf-dist/fonts/type1/public/amsfonts/cm/cmsy5.pfb></usr/share/texlive/texmf
-dist/fonts/type1/public/amsfonts/cm/cmsy7.pfb></usr/share/texlive/texmf-dist/f
onts/type1/public/amsfonts/cm/cmti10.pfb></usr/share/texlive/texmf-dist/fonts/t
ype1/public/amsfonts/cm/cmtt10.pfb></usr/share/texlive/texmf-dist/fonts/type1/p
ublic/amsfonts/symbols/msbm10.pfb>
Output written on main.pdf (55 pages, 12888326 bytes).
PDF statistics:
 1243 PDF objects out of 1440 (max. 8388607)
 820 compressed objects within 9 object streams
 0 named destinations out of 1000 (max. 500000)
 393 words of extra memory for PDF output out of 10000 (max. 10000000)

